<?xml version="1.0" encoding="UTF-8"?>
<!-- Generated by org.testng.reporters.JUnitXMLReporter -->
<testsuite ignored="0" hostname="QT-INBG-LT1642" failures="0" tests="3" name="Test" time="32.506" errors="0" timestamp="2022-09-21T10:46:12 IST">
  <testcase classname="Quali.Mobile_World.SignUpMOB" name="fName" time="10.94"/>
  <testcase classname="Quali.Mobile_World.SignInMob" name="fName" time="8.079"/>
  <testcase classname="Quali.Mobile_World.OrderMob" name="fName" time="13.429"/>
</testsuite> <!-- Test -->
