<?xml version="1.0" encoding="UTF-8"?>
<testng-results ignored="0" total="3" passed="3" failed="0" skipped="0">
  <reporter-output>
  </reporter-output>
  <suite started-at="2022-09-21T10:46:31 IST" name="Suite" finished-at="2022-09-21T10:47:02 IST" duration-ms="30981">
    <groups>
    </groups>
    <test started-at="2022-09-21T10:46:31 IST" name="Test" finished-at="2022-09-21T10:47:02 IST" duration-ms="30981">
      <class name="Order.SignUp">
        <test-method signature="sigin()[pri:0, instance:Order.SignUp@694abbdc]" started-at="2022-09-21T10:46:31 IST" name="sigin" finished-at="2022-09-21T10:46:44 IST" duration-ms="13453" status="PASS">
          <reporter-output>
          </reporter-output>
        </test-method> <!-- sigin -->
      </class> <!-- Order.SignUp -->
      <class name="Order.Order">
        <test-method signature="order()[pri:0, instance:Order.Order@6b927fb]" started-at="2022-09-21T10:46:49 IST" name="order" finished-at="2022-09-21T10:47:02 IST" duration-ms="13095" status="PASS">
          <reporter-output>
          </reporter-output>
        </test-method> <!-- order -->
      </class> <!-- Order.Order -->
      <class name="Order.SignIn">
        <test-method signature="signin()[pri:0, instance:Order.SignIn@a514af7]" started-at="2022-09-21T10:46:44 IST" name="signin" finished-at="2022-09-21T10:46:49 IST" duration-ms="4363" status="PASS">
          <reporter-output>
          </reporter-output>
        </test-method> <!-- signin -->
      </class> <!-- Order.SignIn -->
    </test> <!-- Test -->
  </suite> <!-- Suite -->
</testng-results>
