<?xml version="1.0" encoding="UTF-8"?>
<testng-results ignored="0" total="3" passed="3" failed="0" skipped="0">
  <reporter-output>
  </reporter-output>
  <suite started-at="2022-09-21T10:45:40 IST" name="Suite" finished-at="2022-09-21T10:46:12 IST" duration-ms="32506">
    <groups>
    </groups>
    <test started-at="2022-09-21T10:45:40 IST" name="Test" finished-at="2022-09-21T10:46:12 IST" duration-ms="32506">
      <class name="Quali.Mobile_World.SignUpMOB">
        <test-method signature="fName()[pri:0, instance:Quali.Mobile_World.SignUpMOB@2f7298b]" started-at="2022-09-21T10:45:40 IST" name="fName" finished-at="2022-09-21T10:45:51 IST" duration-ms="10940" status="PASS">
          <reporter-output>
          </reporter-output>
        </test-method> <!-- fName -->
      </class> <!-- Quali.Mobile_World.SignUpMOB -->
      <class name="Quali.Mobile_World.SignInMob">
        <test-method signature="fName()[pri:0, instance:Quali.Mobile_World.SignInMob@20ce78ec]" started-at="2022-09-21T10:45:51 IST" name="fName" finished-at="2022-09-21T10:45:59 IST" duration-ms="8079" status="PASS">
          <reporter-output>
          </reporter-output>
        </test-method> <!-- fName -->
      </class> <!-- Quali.Mobile_World.SignInMob -->
      <class name="Quali.Mobile_World.OrderMob">
        <test-method signature="fName()[pri:0, instance:Quali.Mobile_World.OrderMob@393671df]" started-at="2022-09-21T10:45:59 IST" name="fName" finished-at="2022-09-21T10:46:12 IST" duration-ms="13429" status="PASS">
          <reporter-output>
          </reporter-output>
        </test-method> <!-- fName -->
      </class> <!-- Quali.Mobile_World.OrderMob -->
    </test> <!-- Test -->
  </suite> <!-- Suite -->
</testng-results>
